<?xml version="1.0" encoding="UTF-8"?>
<testsuite name="BracketsTest" tests="1" skipped="0" failures="0" errors="0" timestamp="2023-03-11T15:09:45" hostname="DESKTOP-O6TJ4IR" time="0.057">
  <properties/>
  <testcase name="checkIfMethodWorks()" classname="BracketsTest" time="0.057"/>
  <system-out><![CDATA[]]></system-out>
  <system-err><![CDATA[]]></system-err>
</testsuite>
